<?xml version="1.0" encoding="UTF-8"?>
<TestRun id="a65b6944-a7d9-46f7-b2fa-e2e23d9debe3" name="Suleman.Khan@TRNLON11508 2017-02-15 15:30:53" runUser="FDMGROUP\Suleman.Khan" xmlns="http://microsoft.com/schemas/VisualStudio/TeamTest/2010">
  <TestSettings name="Default Test Settings" id="389ee31b-7aab-4e7f-98a5-8ee9efe39840">
    <Execution>
      <TestTypeSpecific />
      <AgentRule name="Execution Agents">
      </AgentRule>
    </Execution>
    <Deployment runDeploymentRoot="Suleman.Khan_TRNLON11508 2017-02-15 15_30_53" />
    <Properties />
  </TestSettings>
  <Times creation="2017-02-15T15:30:53.0846099+00:00" queuing="2017-02-15T15:30:56.7046099+00:00" start="2017-02-15T15:30:56.9926099+00:00" finish="2017-02-15T15:30:58.4726099+00:00" />
  <ResultSummary outcome="Completed">
    <Counters total="1" executed="1" passed="1" error="0" failed="0" timeout="0" aborted="0" inconclusive="0" passedButRunAborted="0" notRunnable="0" notExecuted="0" disconnected="0" warning="0" completed="0" inProgress="0" pending="0" />
  </ResultSummary>
  <TestDefinitions>
    <UnitTest name="Test_GetAllProducts_ReturnsAllProducts" storage="onedso.tests\bin\debug\onedso.tests.dll" id="99268877-94a6-9615-a6b7-067ccfbcee3c">
      <Execution id="969b67ba-9cb3-4ab3-adce-1d0981ff1d38" />
      <TestMethod codeBase="C:/Users/Suleman.khan/Desktop/ONE DAY SIGN OFF PROJECT/ONEDSO/ONEDSO.Tests/bin/debug/ONEDSO.Tests.DLL" adapterTypeName="Microsoft.VisualStudio.TestTools.TestTypes.Unit.UnitTestAdapter, Microsoft.VisualStudio.QualityTools.Tips.UnitTest.Adapter, Version=12.0.0.0, Culture=neutral, PublicKeyToken=b03f5f7f11d50a3a" className="ONEDSO.Tests.RepositoryTests, ONEDSO.Tests, Version=1.0.0.0, Culture=neutral, PublicKeyToken=null" name="Test_GetAllProducts_ReturnsAllProducts" />
    </UnitTest>
  </TestDefinitions>
  <TestLists>
    <TestList name="Results Not in a List" id="8c84fa94-04c1-424b-9868-57a2d4851a1d" />
    <TestList name="All Loaded Results" id="19431567-8539-422a-85d7-44ee4e166bda" />
  </TestLists>
  <TestEntries>
    <TestEntry testId="99268877-94a6-9615-a6b7-067ccfbcee3c" executionId="969b67ba-9cb3-4ab3-adce-1d0981ff1d38" testListId="8c84fa94-04c1-424b-9868-57a2d4851a1d" />
  </TestEntries>
  <Results>
    <UnitTestResult executionId="969b67ba-9cb3-4ab3-adce-1d0981ff1d38" testId="99268877-94a6-9615-a6b7-067ccfbcee3c" testName="Test_GetAllProducts_ReturnsAllProducts" computerName="TRNLON11508" duration="00:00:00.7797367" startTime="2017-02-15T15:30:57.0766099+00:00" endTime="2017-02-15T15:30:58.3816099+00:00" testType="13cdc9d9-ddb5-4fa4-a97d-d965ccfc6d4b" outcome="Passed" testListId="8c84fa94-04c1-424b-9868-57a2d4851a1d" relativeResultsDirectory="969b67ba-9cb3-4ab3-adce-1d0981ff1d38">
    </UnitTestResult>
  </Results>
</TestRun>